<?xml version="1.0" encoding="UTF-8"?>
<!-- Generated by org.testng.reporters.JUnitReportReporter -->
<testsuite hostname="TYSS-4F-PJT-034" name="scripts.SortByTest" tests="1" failures="0" timestamp="6 Nov 2017 12:57:19 GMT" time="24.312" errors="0">
  <testcase name="PriceSortByTest" time="24.312" classname="scripts.SortByTest"/>
</testsuite> <!-- scripts.SortByTest -->
