<?xml version="1.0" encoding="UTF-8"?>
<!-- Generated by org.testng.reporters.JUnitReportReporter -->
<testsuite hostname="TYSS-4F-PJT-034" name="scripts.CartPageTest" tests="1" failures="0" timestamp="15 Nov 2017 11:30:28 GMT" time="6.756" errors="0">
  <testcase name="cart" time="6.756" classname="scripts.CartPageTest"/>
</testsuite> <!-- scripts.CartPageTest -->
