<?xml version="1.0" encoding="UTF-8"?>
<!-- Generated by org.testng.reporters.JUnitReportReporter -->
<testsuite hostname="TYSS-4F-PJT-034" name="scripts.OrderSummaryTest" tests="1" failures="0" timestamp="9 Nov 2017 12:10:59 GMT" time="149.101" errors="0">
  <testcase name="oredrSummary" time="149.101" classname="scripts.OrderSummaryTest"/>
</testsuite> <!-- scripts.OrderSummaryTest -->
