<?xml version="1.0" encoding="UTF-8"?>
<!-- Generated by org.testng.reporters.JUnitReportReporter -->
<testsuite hostname="TYSS-4F-PJT-034" name="scripts.Demo" tests="2" failures="0" timestamp="15 Nov 2017 05:11:57 GMT" time="0.012" errors="0">
  <testcase name="test" time="0.010" classname="scripts.Demo"/>
  <testcase name="test" time="0.002" classname="scripts.Demo"/>
</testsuite> <!-- scripts.Demo -->
